<?xml version="1.0" encoding="UTF-8"?>
<coverage generated="1513794502837" clover="3.2.0">
  <project timestamp="1513794502837" name="All files">
    <metrics statements="31" coveredstatements="27" conditionals="0" coveredconditionals="0" methods="13" coveredmethods="11" elements="44" coveredelements="38" complexity="0" loc="31" ncloc="31" packages="6" files="6" classes="6">
      <package name="scenes.todo.components.todo-form">
        <metrics statements="11" coveredstatements="7" conditionals="0" coveredconditionals="0" methods="4" coveredmethods="2"/>
        <file name="index.js" path="C:\Users\Theko\Desktop\todo-app-test\src\scenes\todo\components\todo-form\index.js">
          <metrics statements="11" coveredstatements="7" conditionals="0" coveredconditionals="0" methods="4" coveredmethods="2"/>
          <line num="8" count="1" type="stmt"/>
          <line num="9" count="1" type="stmt"/>
          <line num="12" count="1" type="stmt"/>
          <line num="13" count="1" type="stmt"/>
          <line num="16" count="0" type="stmt"/>
          <line num="17" count="0" type="stmt"/>
          <line num="20" count="0" type="stmt"/>
          <line num="21" count="0" type="stmt"/>
          <line num="24" count="1" type="stmt"/>
          <line num="25" count="1" type="stmt"/>
          <line num="34" count="1" type="stmt"/>
        </file>
      </package>
      <package name="scenes.todo.components.todo-input">
        <metrics statements="8" coveredstatements="8" conditionals="0" coveredconditionals="0" methods="5" coveredmethods="5"/>
        <file name="index.js" path="C:\Users\Theko\Desktop\todo-app-test\src\scenes\todo\components\todo-input\index.js">
          <metrics statements="8" coveredstatements="8" conditionals="0" coveredconditionals="0" methods="5" coveredmethods="5"/>
          <line num="6" count="5" type="stmt"/>
          <line num="7" count="5" type="stmt"/>
          <line num="10" count="5" type="stmt"/>
          <line num="13" count="5" type="stmt"/>
          <line num="16" count="5" type="stmt"/>
          <line num="17" count="5" type="stmt"/>
          <line num="21" count="5" type="stmt"/>
          <line num="29" count="2" type="stmt"/>
        </file>
      </package>
      <package name="scenes.todo.components.todo-list-li">
        <metrics statements="3" coveredstatements="3" conditionals="0" coveredconditionals="0" methods="1" coveredmethods="1"/>
        <file name="index.js" path="C:\Users\Theko\Desktop\todo-app-test\src\scenes\todo\components\todo-list-li\index.js">
          <metrics statements="3" coveredstatements="3" conditionals="0" coveredconditionals="0" methods="1" coveredmethods="1"/>
          <line num="4" count="2" type="stmt"/>
          <line num="5" count="1" type="stmt"/>
          <line num="8" count="2" type="stmt"/>
        </file>
      </package>
      <package name="scenes.todo.components.todo-list-ul">
        <metrics statements="4" coveredstatements="4" conditionals="0" coveredconditionals="0" methods="2" coveredmethods="2"/>
        <file name="index.js" path="C:\Users\Theko\Desktop\todo-app-test\src\scenes\todo\components\todo-list-ul\index.js">
          <metrics statements="4" coveredstatements="4" conditionals="0" coveredconditionals="0" methods="2" coveredmethods="2"/>
          <line num="5" count="1" type="stmt"/>
          <line num="6" count="2" type="stmt"/>
          <line num="8" count="4" type="stmt"/>
          <line num="13" count="1" type="stmt"/>
        </file>
      </package>
      <package name="scenes.todo.components.todo-submit-button">
        <metrics statements="3" coveredstatements="3" conditionals="0" coveredconditionals="0" methods="1" coveredmethods="1"/>
        <file name="index.js" path="C:\Users\Theko\Desktop\todo-app-test\src\scenes\todo\components\todo-submit-button\index.js">
          <metrics statements="3" coveredstatements="3" conditionals="0" coveredconditionals="0" methods="1" coveredmethods="1"/>
          <line num="4" count="2" type="stmt"/>
          <line num="5" count="3" type="stmt"/>
          <line num="8" count="2" type="stmt"/>
        </file>
      </package>
      <package name="services.mocks">
        <metrics statements="2" coveredstatements="2" conditionals="0" coveredconditionals="0" methods="0" coveredmethods="0"/>
        <file name="todo.js" path="C:\Users\Theko\Desktop\todo-app-test\src\services\mocks\todo.js">
          <metrics statements="2" coveredstatements="2" conditionals="0" coveredconditionals="0" methods="0" coveredmethods="0"/>
          <line num="1" count="2" type="stmt"/>
          <line num="14" count="2" type="stmt"/>
        </file>
      </package>
    </metrics>
  </project>
</coverage>
