{"C:\\Users\\Theko\\Desktop\\todo-app-test\\src\\scenes\\todo\\components\\todo-form\\index.js": {"path":"C:\\Users\\Theko\\Desktop\\todo-app-test\\src\\scenes\\todo\\components\\todo-form\\index.js","statementMap":{"0":{"start":{"line":7,"column":4},"end":{"line":7,"column":12}},"1":{"start":{"line":8,"column":4},"end":{"line":10,"column":6}},"2":{"start":{"line":13,"column":25},"end":{"line":13,"column":35}},"3":{"start":{"line":14,"column":4},"end":{"line":21,"column":6}},"4":{"start":{"line":25,"column":0},"end":{"line":27,"column":2}}},"fnMap":{"0":{"name":"(anonymous_0)","decl":{"start":{"line":6,"column":2},"end":{"line":6,"column":3}},"loc":{"start":{"line":6,"column":16},"end":{"line":11,"column":3}},"line":6},"1":{"name":"(anonymous_1)","decl":{"start":{"line":12,"column":2},"end":{"line":12,"column":3}},"loc":{"start":{"line":12,"column":11},"end":{"line":22,"column":3}},"line":12}},"branchMap":{},"s":{"0":4,"1":4,"2":4,"3":4,"4":1},"f":{"0":4,"1":4},"b":{},"_coverageSchema":"332fd63041d2c1bcb487cc26dd0d5f7d97098a6c","hash":"a2de63f512835b679166aa21778a39999018b895"}
,"C:\\Users\\Theko\\Desktop\\todo-app-test\\src\\scenes\\todo\\components\\todo-input\\index.js": {"path":"C:\\Users\\Theko\\Desktop\\todo-app-test\\src\\scenes\\todo\\components\\todo-input\\index.js","statementMap":{"0":{"start":{"line":3,"column":18},"end":{"line":12,"column":1}},"1":{"start":{"line":4,"column":2},"end":{"line":11,"column":4}}},"fnMap":{"0":{"name":"(anonymous_0)","decl":{"start":{"line":3,"column":18},"end":{"line":3,"column":19}},"loc":{"start":{"line":3,"column":24},"end":{"line":12,"column":1}},"line":3}},"branchMap":{},"s":{"0":2,"1":3},"f":{"0":3},"b":{},"_coverageSchema":"332fd63041d2c1bcb487cc26dd0d5f7d97098a6c","hash":"870fe422e93661b3bd306fc78da99f84f260f2c2"}
}
