TN:
SF:C:\Users\Theko\Desktop\todo-app-test\src\scenes\todo\components\todo-form\index.js
FN:7,(anonymous_0)
FN:14,(anonymous_1)
FN:15,(anonymous_2)
FNF:3
FNH:2
FNDA:8,(anonymous_0)
FNDA:0,(anonymous_1)
FNDA:9,(anonymous_2)
DA:8,8
DA:9,8
DA:12,8
DA:16,9
DA:17,9
DA:26,1
LF:6
LH:6
BRF:0
BRH:0
end_of_record
TN:
SF:C:\Users\Theko\Desktop\todo-app-test\src\scenes\todo\components\todo-input\index.js
FN:17,(anonymous_0)
FN:21,(anonymous_1)
FN:24,(anonymous_2)
FN:27,(anonymous_3)
FN:33,(anonymous_4)
FNF:5
FNH:5
FNDA:7,(anonymous_0)
FNDA:7,(anonymous_1)
FNDA:7,(anonymous_2)
FNDA:8,(anonymous_3)
FNDA:9,(anonymous_4)
DA:18,7
DA:19,7
DA:22,7
DA:25,7
DA:28,8
DA:29,8
DA:33,9
DA:41,2
LF:8
LH:8
BRF:0
BRH:0
end_of_record
TN:
SF:C:\Users\Theko\Desktop\todo-app-test\src\scenes\todo\components\todo-submit-button\index.js
FN:4,(anonymous_0)
FNF:1
FNH:1
FNDA:7,(anonymous_0)
DA:4,2
DA:5,7
DA:8,2
LF:3
LH:3
BRF:0
BRH:0
end_of_record
