TN:
SF:C:\Users\Theko\Desktop\todo-app-test\src\scenes\todo\components\todo-form\index.js
FN:7,(anonymous_0)
FN:15,(anonymous_1)
FN:19,(anonymous_2)
FN:23,(anonymous_3)
FNF:4
FNH:2
FNDA:1,(anonymous_0)
FNDA:0,(anonymous_1)
FNDA:0,(anonymous_2)
FNDA:1,(anonymous_3)
DA:8,1
DA:9,1
DA:12,1
DA:13,1
DA:16,0
DA:17,0
DA:20,0
DA:21,0
DA:24,1
DA:25,1
DA:34,1
LF:11
LH:7
BRF:0
BRH:0
end_of_record
TN:
SF:C:\Users\Theko\Desktop\todo-app-test\src\scenes\todo\components\todo-input\index.js
FN:5,(anonymous_0)
FN:9,(anonymous_1)
FN:12,(anonymous_2)
FN:15,(anonymous_3)
FN:21,(anonymous_4)
FNF:5
FNH:5
FNDA:5,(anonymous_0)
FNDA:5,(anonymous_1)
FNDA:5,(anonymous_2)
FNDA:5,(anonymous_3)
FNDA:5,(anonymous_4)
DA:6,5
DA:7,5
DA:10,5
DA:13,5
DA:16,5
DA:17,5
DA:21,5
DA:29,2
LF:8
LH:8
BRF:0
BRH:0
end_of_record
TN:
SF:C:\Users\Theko\Desktop\todo-app-test\src\scenes\todo\components\todo-list-li\index.js
FN:4,(anonymous_0)
FNF:1
FNH:1
FNDA:1,(anonymous_0)
DA:4,2
DA:5,1
DA:8,2
LF:3
LH:3
BRF:0
BRH:0
end_of_record
TN:
SF:C:\Users\Theko\Desktop\todo-app-test\src\scenes\todo\components\todo-list-ul\index.js
FN:5,(anonymous_0)
FN:8,(anonymous_1)
FNF:2
FNH:2
FNDA:2,(anonymous_0)
FNDA:4,(anonymous_1)
DA:5,1
DA:6,2
DA:8,4
DA:13,1
LF:4
LH:4
BRF:0
BRH:0
end_of_record
TN:
SF:C:\Users\Theko\Desktop\todo-app-test\src\scenes\todo\components\todo-submit-button\index.js
FN:4,(anonymous_0)
FNF:1
FNH:1
FNDA:3,(anonymous_0)
DA:4,2
DA:5,3
DA:8,2
LF:3
LH:3
BRF:0
BRH:0
end_of_record
TN:
SF:C:\Users\Theko\Desktop\todo-app-test\src\services\mocks\todo.js
FNF:0
FNH:0
DA:1,2
DA:14,2
LF:2
LH:2
BRF:0
BRH:0
end_of_record
